<?xml version="1.0" encoding="UTF-8"?>
<testsuite xmlns:xsi="http://www.w3.org/2001/XMLSchema-instance" xsi:noNamespaceSchemaLocation="https://maven.apache.org/surefire/maven-surefire-plugin/xsd/surefire-test-report.xsd" name="ru.practicum.stellar.tests.GetOrdersTest" time="1.437" tests="2" errors="0" skipped="0" failures="0">
  <properties>
[...]
</properties>
  <testcase name="getUserOrdersWithoutAuth_fails" classname="ru.practicum.stellar.tests.GetOrdersTest" time="0.49"/>
  <testcase name="getUserOrdersWithAuth_success" classname="ru.practicum.stellar.tests.GetOrdersTest" time="0.944"/>
</testsuite>